<?xml version="1.0" encoding="UTF-8"?>
<coverage generated="1662537285139" clover="3.2.0">
  <project timestamp="1662537285140" name="All files">
    <metrics statements="116" coveredstatements="114" conditionals="42" coveredconditionals="37" methods="12" coveredmethods="12" elements="170" coveredelements="163" complexity="0" loc="116" ncloc="116" packages="3" files="5" classes="5"/>
    <package name="scripts">
      <metrics statements="6" coveredstatements="6" conditionals="0" coveredconditionals="0" methods="1" coveredmethods="1"/>
      <file name="seedDb.js" path="/Users/abarbu/Downloads/BE-Template-master/scripts/seedDb.js">
        <metrics statements="6" coveredstatements="6" conditionals="0" coveredconditionals="0" methods="1" coveredmethods="1"/>
        <line num="1" count="1" type="stmt"/>
        <line num="8" count="2" type="stmt"/>
        <line num="9" count="2" type="stmt"/>
        <line num="10" count="2" type="stmt"/>
        <line num="12" count="2" type="stmt"/>
        <line num="232" count="1" type="stmt"/>
      </file>
    </package>
    <package name="src">
      <metrics statements="103" coveredstatements="101" conditionals="38" coveredconditionals="34" methods="10" coveredmethods="10"/>
      <file name="app.js" path="/Users/abarbu/Downloads/BE-Template-master/src/app.js">
        <metrics statements="89" coveredstatements="87" conditionals="36" coveredconditionals="32" methods="9" coveredmethods="9"/>
        <line num="1" count="1" type="stmt"/>
        <line num="2" count="1" type="stmt"/>
        <line num="3" count="1" type="stmt"/>
        <line num="5" count="1" type="stmt"/>
        <line num="6" count="1" type="stmt"/>
        <line num="7" count="1" type="stmt"/>
        <line num="8" count="1" type="stmt"/>
        <line num="10" count="1" type="stmt"/>
        <line num="11" count="1" type="stmt"/>
        <line num="12" count="1" type="stmt"/>
        <line num="13" count="1" type="stmt"/>
        <line num="18" count="1" type="stmt"/>
        <line num="19" count="3" type="stmt"/>
        <line num="20" count="3" type="stmt"/>
        <line num="21" count="3" type="stmt"/>
        <line num="29" count="3" type="cond" truecount="2" falsecount="0"/>
        <line num="30" count="1" type="stmt"/>
        <line num="36" count="1" type="stmt"/>
        <line num="37" count="1" type="stmt"/>
        <line num="38" count="1" type="stmt"/>
        <line num="46" count="1" type="cond" truecount="1" falsecount="1"/>
        <line num="47" count="1" type="stmt"/>
        <line num="53" count="1" type="stmt"/>
        <line num="54" count="1" type="stmt"/>
        <line num="56" count="1" type="stmt"/>
        <line num="71" count="1" type="cond" truecount="1" falsecount="1"/>
        <line num="72" count="1" type="stmt"/>
        <line num="78" count="1" type="stmt"/>
        <line num="79" count="4" type="stmt"/>
        <line num="80" count="4" type="stmt"/>
        <line num="81" count="4" type="stmt"/>
        <line num="83" count="4" type="stmt"/>
        <line num="84" count="4" type="cond" truecount="2" falsecount="0"/>
        <line num="85" count="1" type="stmt"/>
        <line num="88" count="3" type="stmt"/>
        <line num="103" count="3" type="cond" truecount="2" falsecount="0"/>
        <line num="104" count="1" type="stmt"/>
        <line num="107" count="2" type="cond" truecount="2" falsecount="0"/>
        <line num="108" count="1" type="stmt"/>
        <line num="111" count="1" type="stmt"/>
        <line num="118" count="1" type="stmt"/>
        <line num="128" count="1" type="stmt"/>
        <line num="137" count="1" type="stmt"/>
        <line num="146" count="1" type="stmt"/>
        <line num="148" count="1" type="stmt"/>
        <line num="151" count="2" type="stmt"/>
        <line num="152" count="2" type="stmt"/>
        <line num="160" count="1" type="stmt"/>
        <line num="161" count="6" type="stmt"/>
        <line num="162" count="6" type="stmt"/>
        <line num="163" count="6" type="stmt"/>
        <line num="165" count="6" type="cond" truecount="2" falsecount="0"/>
        <line num="166" count="1" type="stmt"/>
        <line num="169" count="5" type="cond" truecount="2" falsecount="0"/>
        <line num="170" count="1" type="stmt"/>
        <line num="173" count="4" type="cond" truecount="2" falsecount="0"/>
        <line num="174" count="1" type="stmt"/>
        <line num="177" count="3" type="stmt"/>
        <line num="189" count="3" type="cond" truecount="2" falsecount="0"/>
        <line num="190" count="1" type="stmt"/>
        <line num="193" count="2" type="stmt"/>
        <line num="194" count="4" type="stmt"/>
        <line num="197" count="2" type="cond" truecount="2" falsecount="0"/>
        <line num="198" count="1" type="stmt"/>
        <line num="201" count="1" type="stmt"/>
        <line num="209" count="1" type="stmt"/>
        <line num="216" count="1" type="stmt"/>
        <line num="217" count="3" type="stmt"/>
        <line num="219" count="3" type="stmt"/>
        <line num="220" count="3" type="stmt"/>
        <line num="222" count="3" type="cond" truecount="4" falsecount="0"/>
        <line num="223" count="2" type="stmt"/>
        <line num="226" count="1" type="stmt"/>
        <line num="252" count="1" type="cond" truecount="1" falsecount="1"/>
        <line num="253" count="0" type="stmt"/>
        <line num="256" count="1" type="stmt"/>
        <line num="259" count="1" type="stmt"/>
        <line num="260" count="4" type="stmt"/>
        <line num="262" count="4" type="stmt"/>
        <line num="263" count="4" type="stmt"/>
        <line num="265" count="4" type="cond" truecount="4" falsecount="0"/>
        <line num="266" count="2" type="stmt"/>
        <line num="269" count="2" type="stmt"/>
        <line num="298" count="2" type="cond" truecount="1" falsecount="1"/>
        <line num="299" count="0" type="stmt"/>
        <line num="302" count="2" type="stmt"/>
        <line num="303" count="3" type="stmt"/>
        <line num="310" count="2" type="stmt"/>
        <line num="314" count="1" type="stmt"/>
      </file>
      <file name="model.js" path="/Users/abarbu/Downloads/BE-Template-master/src/model.js">
        <metrics statements="12" coveredstatements="12" conditionals="0" coveredconditionals="0" methods="0" coveredmethods="0"/>
        <line num="1" count="1" type="stmt"/>
        <line num="3" count="1" type="stmt"/>
        <line num="9" count="1" type="stmt"/>
        <line num="37" count="1" type="stmt"/>
        <line num="54" count="1" type="stmt"/>
        <line num="78" count="1" type="stmt"/>
        <line num="79" count="1" type="stmt"/>
        <line num="80" count="1" type="stmt"/>
        <line num="81" count="1" type="stmt"/>
        <line num="82" count="1" type="stmt"/>
        <line num="83" count="1" type="stmt"/>
        <line num="85" count="1" type="stmt"/>
      </file>
      <file name="utils.js" path="/Users/abarbu/Downloads/BE-Template-master/src/utils.js">
        <metrics statements="2" coveredstatements="2" conditionals="2" coveredconditionals="2" methods="1" coveredmethods="1"/>
        <line num="2" count="12" type="cond" truecount="2" falsecount="0"/>
        <line num="5" count="1" type="stmt"/>
      </file>
    </package>
    <package name="src.middleware">
      <metrics statements="7" coveredstatements="7" conditionals="4" coveredconditionals="3" methods="1" coveredmethods="1"/>
      <file name="getProfile.js" path="/Users/abarbu/Downloads/BE-Template-master/src/middleware/getProfile.js">
        <metrics statements="7" coveredstatements="7" conditionals="4" coveredconditionals="3" methods="1" coveredmethods="1"/>
        <line num="2" count="1" type="stmt"/>
        <line num="3" count="19" type="stmt"/>
        <line num="4" count="19" type="cond" truecount="1" falsecount="1"/>
        <line num="5" count="19" type="cond" truecount="2" falsecount="0"/>
        <line num="6" count="15" type="stmt"/>
        <line num="7" count="15" type="stmt"/>
        <line num="9" count="1" type="stmt"/>
      </file>
    </package>
  </project>
</coverage>
