{"/Users/abarbu/Downloads/BE-Template-master/scripts/seedDb.js": {"path":"/Users/abarbu/Downloads/BE-Template-master/scripts/seedDb.js","statementMap":{"0":{"start":{"line":1,"column":35},"end":{"line":1,"column":58}},"1":{"start":{"line":8,"column":2},"end":{"line":8,"column":38}},"2":{"start":{"line":9,"column":2},"end":{"line":9,"column":39}},"3":{"start":{"line":10,"column":2},"end":{"line":10,"column":34}},"4":{"start":{"line":12,"column":2},"end":{"line":229,"column":5}},"5":{"start":{"line":232,"column":0},"end":{"line":234,"column":1}}},"fnMap":{"0":{"name":"seed","decl":{"start":{"line":6,"column":15},"end":{"line":6,"column":19}},"loc":{"start":{"line":6,"column":22},"end":{"line":230,"column":1}},"line":6}},"branchMap":{},"s":{"0":1,"1":2,"2":2,"3":2,"4":2,"5":1},"f":{"0":2},"b":{},"_coverageSchema":"1a1c01bbd47fc00a2c39e90264f33305004495a9","hash":"70ad629db910df8344eeda409ce5d3c72e7d7e0b"}
,"/Users/abarbu/Downloads/BE-Template-master/src/app.js": {"path":"/Users/abarbu/Downloads/BE-Template-master/src/app.js","statementMap":{"0":{"start":{"line":1,"column":16},"end":{"line":1,"column":34}},"1":{"start":{"line":2,"column":19},"end":{"line":2,"column":41}},"2":{"start":{"line":3,"column":11},"end":{"line":3,"column":34}},"3":{"start":{"line":5,"column":17},"end":{"line":5,"column":45}},"4":{"start":{"line":6,"column":22},"end":{"line":6,"column":40}},"5":{"start":{"line":7,"column":23},"end":{"line":7,"column":57}},"6":{"start":{"line":8,"column":24},"end":{"line":8,"column":42}},"7":{"start":{"line":10,"column":12},"end":{"line":10,"column":21}},"8":{"start":{"line":11,"column":0},"end":{"line":11,"column":27}},"9":{"start":{"line":12,"column":0},"end":{"line":12,"column":31}},"10":{"start":{"line":13,"column":0},"end":{"line":13,"column":35}},"11":{"start":{"line":18,"column":0},"end":{"line":31,"column":2}},"12":{"start":{"line":19,"column":25},"end":{"line":19,"column":46}},"13":{"start":{"line":20,"column":19},"end":{"line":20,"column":29}},"14":{"start":{"line":21,"column":21},"end":{"line":28,"column":6}},"15":{"start":{"line":29,"column":4},"end":{"line":29,"column":48}},"16":{"start":{"line":29,"column":19},"end":{"line":29,"column":48}},"17":{"start":{"line":30,"column":4},"end":{"line":30,"column":34}},"18":{"start":{"line":36,"column":0},"end":{"line":48,"column":2}},"19":{"start":{"line":37,"column":25},"end":{"line":37,"column":46}},"20":{"start":{"line":38,"column":22},"end":{"line":45,"column":6}},"21":{"start":{"line":46,"column":4},"end":{"line":46,"column":49}},"22":{"start":{"line":46,"column":20},"end":{"line":46,"column":49}},"23":{"start":{"line":47,"column":4},"end":{"line":47,"column":23}},"24":{"start":{"line":53,"column":0},"end":{"line":73,"column":2}},"25":{"start":{"line":54,"column":30},"end":{"line":54,"column":51}},"26":{"start":{"line":56,"column":17},"end":{"line":69,"column":6}},"27":{"start":{"line":71,"column":4},"end":{"line":71,"column":44}},"28":{"start":{"line":71,"column":15},"end":{"line":71,"column":44}},"29":{"start":{"line":72,"column":4},"end":{"line":72,"column":18}},"30":{"start":{"line":78,"column":0},"end":{"line":155,"column":2}},"31":{"start":{"line":79,"column":39},"end":{"line":79,"column":60}},"32":{"start":{"line":80,"column":19},"end":{"line":80,"column":30}},"33":{"start":{"line":81,"column":14},"end":{"line":81,"column":43}},"34":{"start":{"line":83,"column":4},"end":{"line":153,"column":5}},"35":{"start":{"line":84,"column":8},"end":{"line":86,"column":9}},"36":{"start":{"line":85,"column":12},"end":{"line":85,"column":44}},"37":{"start":{"line":88,"column":20},"end":{"line":101,"column":10}},"38":{"start":{"line":103,"column":8},"end":{"line":105,"column":9}},"39":{"start":{"line":104,"column":12},"end":{"line":104,"column":56}},"40":{"start":{"line":107,"column":8},"end":{"line":109,"column":9}},"41":{"start":{"line":108,"column":12},"end":{"line":108,"column":54}},"42":{"start":{"line":111,"column":27},"end":{"line":115,"column":10}},"43":{"start":{"line":118,"column":8},"end":{"line":125,"column":30}},"44":{"start":{"line":128,"column":8},"end":{"line":134,"column":30}},"45":{"start":{"line":137,"column":8},"end":{"line":143,"column":30}},"46":{"start":{"line":146,"column":8},"end":{"line":146,"column":24}},"47":{"start":{"line":148,"column":8},"end":{"line":148,"column":58}},"48":{"start":{"line":151,"column":8},"end":{"line":151,"column":26}},"49":{"start":{"line":152,"column":8},"end":{"line":152,"column":35}},"50":{"start":{"line":160,"column":0},"end":{"line":214,"column":2}},"51":{"start":{"line":161,"column":19},"end":{"line":161,"column":43}},"52":{"start":{"line":162,"column":39},"end":{"line":162,"column":60}},"53":{"start":{"line":163,"column":19},"end":{"line":163,"column":30}},"54":{"start":{"line":165,"column":4},"end":{"line":167,"column":5}},"55":{"start":{"line":166,"column":8},"end":{"line":166,"column":56}},"56":{"start":{"line":169,"column":4},"end":{"line":171,"column":5}},"57":{"start":{"line":170,"column":8},"end":{"line":170,"column":53}},"58":{"start":{"line":173,"column":4},"end":{"line":175,"column":5}},"59":{"start":{"line":174,"column":8},"end":{"line":174,"column":59}},"60":{"start":{"line":177,"column":23},"end":{"line":187,"column":6}},"61":{"start":{"line":189,"column":4},"end":{"line":191,"column":5}},"62":{"start":{"line":190,"column":8},"end":{"line":190,"column":67}},"63":{"start":{"line":193,"column":30},"end":{"line":195,"column":9}},"64":{"start":{"line":194,"column":8},"end":{"line":194,"column":30}},"65":{"start":{"line":197,"column":4},"end":{"line":199,"column":5}},"66":{"start":{"line":198,"column":8},"end":{"line":198,"column":97}},"67":{"start":{"line":201,"column":4},"end":{"line":207,"column":6}},"68":{"start":{"line":209,"column":4},"end":{"line":212,"column":6}},"69":{"start":{"line":216,"column":0},"end":{"line":257,"column":2}},"70":{"start":{"line":217,"column":39},"end":{"line":217,"column":60}},"71":{"start":{"line":219,"column":22},"end":{"line":219,"column":47}},"72":{"start":{"line":220,"column":20},"end":{"line":220,"column":43}},"73":{"start":{"line":222,"column":4},"end":{"line":224,"column":5}},"74":{"start":{"line":223,"column":8},"end":{"line":223,"column":51}},"75":{"start":{"line":226,"column":17},"end":{"line":250,"column":6}},"76":{"start":{"line":252,"column":4},"end":{"line":254,"column":5}},"77":{"start":{"line":253,"column":8},"end":{"line":253,"column":52}},"78":{"start":{"line":256,"column":4},"end":{"line":256,"column":64}},"79":{"start":{"line":259,"column":0},"end":{"line":312,"column":2}},"80":{"start":{"line":260,"column":39},"end":{"line":260,"column":60}},"81":{"start":{"line":262,"column":22},"end":{"line":262,"column":47}},"82":{"start":{"line":263,"column":20},"end":{"line":263,"column":43}},"83":{"start":{"line":265,"column":4},"end":{"line":267,"column":5}},"84":{"start":{"line":266,"column":8},"end":{"line":266,"column":51}},"85":{"start":{"line":269,"column":24},"end":{"line":296,"column":6}},"86":{"start":{"line":298,"column":4},"end":{"line":300,"column":5}},"87":{"start":{"line":299,"column":8},"end":{"line":299,"column":52}},"88":{"start":{"line":302,"column":26},"end":{"line":308,"column":6}},"89":{"start":{"line":303,"column":8},"end":{"line":307,"column":9}},"90":{"start":{"line":310,"column":4},"end":{"line":310,"column":39}},"91":{"start":{"line":314,"column":0},"end":{"line":314,"column":21}}},"fnMap":{"0":{"name":"(anonymous_0)","decl":{"start":{"line":18,"column":38},"end":{"line":18,"column":39}},"loc":{"start":{"line":18,"column":58},"end":{"line":31,"column":1}},"line":18},"1":{"name":"(anonymous_1)","decl":{"start":{"line":36,"column":34},"end":{"line":36,"column":35}},"loc":{"start":{"line":36,"column":54},"end":{"line":48,"column":1}},"line":36},"2":{"name":"(anonymous_2)","decl":{"start":{"line":53,"column":36},"end":{"line":53,"column":37}},"loc":{"start":{"line":53,"column":56},"end":{"line":73,"column":1}},"line":53},"3":{"name":"(anonymous_3)","decl":{"start":{"line":78,"column":42},"end":{"line":78,"column":43}},"loc":{"start":{"line":78,"column":62},"end":{"line":155,"column":1}},"line":78},"4":{"name":"(anonymous_4)","decl":{"start":{"line":160,"column":50},"end":{"line":160,"column":51}},"loc":{"start":{"line":160,"column":70},"end":{"line":214,"column":1}},"line":160},"5":{"name":"(anonymous_5)","decl":{"start":{"line":193,"column":48},"end":{"line":193,"column":49}},"loc":{"start":{"line":193,"column":62},"end":{"line":195,"column":5}},"line":193},"6":{"name":"(anonymous_6)","decl":{"start":{"line":216,"column":34},"end":{"line":216,"column":35}},"loc":{"start":{"line":216,"column":54},"end":{"line":257,"column":1}},"line":216},"7":{"name":"(anonymous_7)","decl":{"start":{"line":259,"column":31},"end":{"line":259,"column":32}},"loc":{"start":{"line":259,"column":51},"end":{"line":312,"column":1}},"line":259},"8":{"name":"(anonymous_8)","decl":{"start":{"line":302,"column":42},"end":{"line":302,"column":43}},"loc":{"start":{"line":302,"column":56},"end":{"line":308,"column":5}},"line":302}},"branchMap":{"0":{"loc":{"start":{"line":29,"column":4},"end":{"line":29,"column":48}},"type":"if","locations":[{"start":{"line":29,"column":4},"end":{"line":29,"column":48}},{"start":{},"end":{}}],"line":29},"1":{"loc":{"start":{"line":46,"column":4},"end":{"line":46,"column":49}},"type":"if","locations":[{"start":{"line":46,"column":4},"end":{"line":46,"column":49}},{"start":{},"end":{}}],"line":46},"2":{"loc":{"start":{"line":71,"column":4},"end":{"line":71,"column":44}},"type":"if","locations":[{"start":{"line":71,"column":4},"end":{"line":71,"column":44}},{"start":{},"end":{}}],"line":71},"3":{"loc":{"start":{"line":84,"column":8},"end":{"line":86,"column":9}},"type":"if","locations":[{"start":{"line":84,"column":8},"end":{"line":86,"column":9}},{"start":{},"end":{}}],"line":84},"4":{"loc":{"start":{"line":103,"column":8},"end":{"line":105,"column":9}},"type":"if","locations":[{"start":{"line":103,"column":8},"end":{"line":105,"column":9}},{"start":{},"end":{}}],"line":103},"5":{"loc":{"start":{"line":107,"column":8},"end":{"line":109,"column":9}},"type":"if","locations":[{"start":{"line":107,"column":8},"end":{"line":109,"column":9}},{"start":{},"end":{}}],"line":107},"6":{"loc":{"start":{"line":165,"column":4},"end":{"line":167,"column":5}},"type":"if","locations":[{"start":{"line":165,"column":4},"end":{"line":167,"column":5}},{"start":{},"end":{}}],"line":165},"7":{"loc":{"start":{"line":169,"column":4},"end":{"line":171,"column":5}},"type":"if","locations":[{"start":{"line":169,"column":4},"end":{"line":171,"column":5}},{"start":{},"end":{}}],"line":169},"8":{"loc":{"start":{"line":173,"column":4},"end":{"line":175,"column":5}},"type":"if","locations":[{"start":{"line":173,"column":4},"end":{"line":175,"column":5}},{"start":{},"end":{}}],"line":173},"9":{"loc":{"start":{"line":189,"column":4},"end":{"line":191,"column":5}},"type":"if","locations":[{"start":{"line":189,"column":4},"end":{"line":191,"column":5}},{"start":{},"end":{}}],"line":189},"10":{"loc":{"start":{"line":197,"column":4},"end":{"line":199,"column":5}},"type":"if","locations":[{"start":{"line":197,"column":4},"end":{"line":199,"column":5}},{"start":{},"end":{}}],"line":197},"11":{"loc":{"start":{"line":222,"column":4},"end":{"line":224,"column":5}},"type":"if","locations":[{"start":{"line":222,"column":4},"end":{"line":224,"column":5}},{"start":{},"end":{}}],"line":222},"12":{"loc":{"start":{"line":222,"column":8},"end":{"line":222,"column":56}},"type":"binary-expr","locations":[{"start":{"line":222,"column":8},"end":{"line":222,"column":31}},{"start":{"line":222,"column":35},"end":{"line":222,"column":56}}],"line":222},"13":{"loc":{"start":{"line":252,"column":4},"end":{"line":254,"column":5}},"type":"if","locations":[{"start":{"line":252,"column":4},"end":{"line":254,"column":5}},{"start":{},"end":{}}],"line":252},"14":{"loc":{"start":{"line":265,"column":4},"end":{"line":267,"column":5}},"type":"if","locations":[{"start":{"line":265,"column":4},"end":{"line":267,"column":5}},{"start":{},"end":{}}],"line":265},"15":{"loc":{"start":{"line":265,"column":8},"end":{"line":265,"column":56}},"type":"binary-expr","locations":[{"start":{"line":265,"column":8},"end":{"line":265,"column":31}},{"start":{"line":265,"column":35},"end":{"line":265,"column":56}}],"line":265},"16":{"loc":{"start":{"line":295,"column":15},"end":{"line":295,"column":35}},"type":"binary-expr","locations":[{"start":{"line":295,"column":15},"end":{"line":295,"column":30}},{"start":{"line":295,"column":34},"end":{"line":295,"column":35}}],"line":295},"17":{"loc":{"start":{"line":298,"column":4},"end":{"line":300,"column":5}},"type":"if","locations":[{"start":{"line":298,"column":4},"end":{"line":300,"column":5}},{"start":{},"end":{}}],"line":298}},"s":{"0":1,"1":1,"2":1,"3":1,"4":1,"5":1,"6":1,"7":1,"8":1,"9":1,"10":1,"11":1,"12":3,"13":3,"14":3,"15":3,"16":2,"17":1,"18":1,"19":1,"20":1,"21":1,"22":0,"23":1,"24":1,"25":1,"26":1,"27":1,"28":0,"29":1,"30":1,"31":4,"32":4,"33":4,"34":4,"35":4,"36":1,"37":3,"38":3,"39":1,"40":2,"41":1,"42":1,"43":1,"44":1,"45":1,"46":1,"47":1,"48":2,"49":2,"50":1,"51":6,"52":6,"53":6,"54":6,"55":1,"56":5,"57":1,"58":4,"59":1,"60":3,"61":3,"62":1,"63":2,"64":4,"65":2,"66":1,"67":1,"68":1,"69":1,"70":3,"71":3,"72":3,"73":3,"74":2,"75":1,"76":1,"77":0,"78":1,"79":1,"80":4,"81":4,"82":4,"83":4,"84":2,"85":2,"86":2,"87":0,"88":2,"89":3,"90":2,"91":1},"f":{"0":3,"1":1,"2":1,"3":4,"4":6,"5":4,"6":3,"7":4,"8":3},"b":{"0":[2,1],"1":[0,1],"2":[0,1],"3":[1,3],"4":[1,2],"5":[1,1],"6":[1,5],"7":[1,4],"8":[1,3],"9":[1,2],"10":[1,1],"11":[2,1],"12":[3,2],"13":[0,1],"14":[2,2],"15":[4,3],"16":[2,1],"17":[0,2]},"_coverageSchema":"1a1c01bbd47fc00a2c39e90264f33305004495a9","hash":"014b3d80e4009d9520cc5065ad14b3bf6225a707"}
,"/Users/abarbu/Downloads/BE-Template-master/src/model.js": {"path":"/Users/abarbu/Downloads/BE-Template-master/src/model.js","statementMap":{"0":{"start":{"line":1,"column":18},"end":{"line":1,"column":38}},"1":{"start":{"line":3,"column":18},"end":{"line":6,"column":2}},"2":{"start":{"line":9,"column":0},"end":{"line":34,"column":2}},"3":{"start":{"line":37,"column":0},"end":{"line":51,"column":2}},"4":{"start":{"line":54,"column":0},"end":{"line":76,"column":2}},"5":{"start":{"line":78,"column":0},"end":{"line":78,"column":71}},"6":{"start":{"line":79,"column":0},"end":{"line":79,"column":47}},"7":{"start":{"line":80,"column":0},"end":{"line":80,"column":65}},"8":{"start":{"line":81,"column":0},"end":{"line":81,"column":43}},"9":{"start":{"line":82,"column":0},"end":{"line":82,"column":21}},"10":{"start":{"line":83,"column":0},"end":{"line":83,"column":23}},"11":{"start":{"line":85,"column":0},"end":{"line":90,"column":2}}},"fnMap":{},"branchMap":{},"s":{"0":1,"1":1,"2":1,"3":1,"4":1,"5":1,"6":1,"7":1,"8":1,"9":1,"10":1,"11":1},"f":{},"b":{},"_coverageSchema":"1a1c01bbd47fc00a2c39e90264f33305004495a9","hash":"1d8024895449ad86d5f43787d2f8bc287a30040b"}
,"/Users/abarbu/Downloads/BE-Template-master/src/utils.js": {"path":"/Users/abarbu/Downloads/BE-Template-master/src/utils.js","statementMap":{"0":{"start":{"line":2,"column":4},"end":{"line":2,"column":42}},"1":{"start":{"line":5,"column":0},"end":{"line":7,"column":1}}},"fnMap":{"0":{"name":"isValidDate","decl":{"start":{"line":1,"column":9},"end":{"line":1,"column":20}},"loc":{"start":{"line":1,"column":24},"end":{"line":3,"column":1}},"line":1}},"branchMap":{"0":{"loc":{"start":{"line":2,"column":11},"end":{"line":2,"column":41}},"type":"binary-expr","locations":[{"start":{"line":2,"column":11},"end":{"line":2,"column":28}},{"start":{"line":2,"column":32},"end":{"line":2,"column":41}}],"line":2}},"s":{"0":12,"1":1},"f":{"0":12},"b":{"0":[12,12]},"_coverageSchema":"1a1c01bbd47fc00a2c39e90264f33305004495a9","hash":"5b2e5f077dfeeeafdc539e1244ced816c17e19f6"}
,"/Users/abarbu/Downloads/BE-Template-master/src/middleware/getProfile.js": {"path":"/Users/abarbu/Downloads/BE-Template-master/src/middleware/getProfile.js","statementMap":{"0":{"start":{"line":2,"column":19},"end":{"line":8,"column":1}},"1":{"start":{"line":3,"column":22},"end":{"line":3,"column":43}},"2":{"start":{"line":4,"column":20},"end":{"line":4,"column":84}},"3":{"start":{"line":5,"column":4},"end":{"line":5,"column":45}},"4":{"start":{"line":5,"column":17},"end":{"line":5,"column":45}},"5":{"start":{"line":6,"column":4},"end":{"line":6,"column":25}},"6":{"start":{"line":7,"column":4},"end":{"line":7,"column":10}},"7":{"start":{"line":9,"column":0},"end":{"line":9,"column":29}}},"fnMap":{"0":{"name":"(anonymous_0)","decl":{"start":{"line":2,"column":19},"end":{"line":2,"column":20}},"loc":{"start":{"line":2,"column":45},"end":{"line":8,"column":1}},"line":2}},"branchMap":{"0":{"loc":{"start":{"line":4,"column":55},"end":{"line":4,"column":81}},"type":"binary-expr","locations":[{"start":{"line":4,"column":55},"end":{"line":4,"column":76}},{"start":{"line":4,"column":80},"end":{"line":4,"column":81}}],"line":4},"1":{"loc":{"start":{"line":5,"column":4},"end":{"line":5,"column":45}},"type":"if","locations":[{"start":{"line":5,"column":4},"end":{"line":5,"column":45}},{"start":{},"end":{}}],"line":5}},"s":{"0":1,"1":19,"2":19,"3":19,"4":4,"5":15,"6":15,"7":1},"f":{"0":19},"b":{"0":[19,0],"1":[4,15]},"_coverageSchema":"1a1c01bbd47fc00a2c39e90264f33305004495a9","hash":"c36c2efaa11c9118506c261b382cd82b4a246644"}
}
