TN:
SF:scripts/seedDb.js
FN:6,seed
FNF:1
FNH:1
FNDA:2,seed
DA:1,1
DA:8,2
DA:9,2
DA:10,2
DA:12,2
DA:232,1
LF:6
LH:6
BRF:0
BRH:0
end_of_record
TN:
SF:src/app.js
FN:18,(anonymous_0)
FN:36,(anonymous_1)
FN:53,(anonymous_2)
FN:78,(anonymous_3)
FN:160,(anonymous_4)
FN:193,(anonymous_5)
FN:216,(anonymous_6)
FN:259,(anonymous_7)
FN:302,(anonymous_8)
FNF:9
FNH:9
FNDA:3,(anonymous_0)
FNDA:1,(anonymous_1)
FNDA:1,(anonymous_2)
FNDA:4,(anonymous_3)
FNDA:6,(anonymous_4)
FNDA:4,(anonymous_5)
FNDA:3,(anonymous_6)
FNDA:4,(anonymous_7)
FNDA:3,(anonymous_8)
DA:1,1
DA:2,1
DA:3,1
DA:5,1
DA:6,1
DA:7,1
DA:8,1
DA:10,1
DA:11,1
DA:12,1
DA:13,1
DA:18,1
DA:19,3
DA:20,3
DA:21,3
DA:29,3
DA:30,1
DA:36,1
DA:37,1
DA:38,1
DA:46,1
DA:47,1
DA:53,1
DA:54,1
DA:56,1
DA:71,1
DA:72,1
DA:78,1
DA:79,4
DA:80,4
DA:81,4
DA:83,4
DA:84,4
DA:85,1
DA:88,3
DA:103,3
DA:104,1
DA:107,2
DA:108,1
DA:111,1
DA:118,1
DA:128,1
DA:137,1
DA:146,1
DA:148,1
DA:151,2
DA:152,2
DA:160,1
DA:161,6
DA:162,6
DA:163,6
DA:165,6
DA:166,1
DA:169,5
DA:170,1
DA:173,4
DA:174,1
DA:177,3
DA:189,3
DA:190,1
DA:193,2
DA:194,4
DA:197,2
DA:198,1
DA:201,1
DA:209,1
DA:216,1
DA:217,3
DA:219,3
DA:220,3
DA:222,3
DA:223,2
DA:226,1
DA:252,1
DA:253,0
DA:256,1
DA:259,1
DA:260,4
DA:262,4
DA:263,4
DA:265,4
DA:266,2
DA:269,2
DA:298,2
DA:299,0
DA:302,2
DA:303,3
DA:310,2
DA:314,1
LF:89
LH:87
BRDA:29,0,0,2
BRDA:29,0,1,1
BRDA:46,1,0,0
BRDA:46,1,1,1
BRDA:71,2,0,0
BRDA:71,2,1,1
BRDA:84,3,0,1
BRDA:84,3,1,3
BRDA:103,4,0,1
BRDA:103,4,1,2
BRDA:107,5,0,1
BRDA:107,5,1,1
BRDA:165,6,0,1
BRDA:165,6,1,5
BRDA:169,7,0,1
BRDA:169,7,1,4
BRDA:173,8,0,1
BRDA:173,8,1,3
BRDA:189,9,0,1
BRDA:189,9,1,2
BRDA:197,10,0,1
BRDA:197,10,1,1
BRDA:222,11,0,2
BRDA:222,11,1,1
BRDA:222,12,0,3
BRDA:222,12,1,2
BRDA:252,13,0,0
BRDA:252,13,1,1
BRDA:265,14,0,2
BRDA:265,14,1,2
BRDA:265,15,0,4
BRDA:265,15,1,3
BRDA:295,16,0,2
BRDA:295,16,1,1
BRDA:298,17,0,0
BRDA:298,17,1,2
BRF:36
BRH:32
end_of_record
TN:
SF:src/model.js
FNF:0
FNH:0
DA:1,1
DA:3,1
DA:9,1
DA:37,1
DA:54,1
DA:78,1
DA:79,1
DA:80,1
DA:81,1
DA:82,1
DA:83,1
DA:85,1
LF:12
LH:12
BRF:0
BRH:0
end_of_record
TN:
SF:src/utils.js
FN:1,isValidDate
FNF:1
FNH:1
FNDA:12,isValidDate
DA:2,12
DA:5,1
LF:2
LH:2
BRDA:2,0,0,12
BRDA:2,0,1,12
BRF:2
BRH:2
end_of_record
TN:
SF:src/middleware/getProfile.js
FN:2,(anonymous_0)
FNF:1
FNH:1
FNDA:19,(anonymous_0)
DA:2,1
DA:3,19
DA:4,19
DA:5,19
DA:6,15
DA:7,15
DA:9,1
LF:7
LH:7
BRDA:4,0,0,19
BRDA:4,0,1,0
BRDA:5,1,0,4
BRDA:5,1,1,15
BRF:4
BRH:3
end_of_record
