{"/Users/abarbu/Projects/Personal/allinfra-sw-eginnering-test/random_troops/controller/controller.js": {"path":"/Users/abarbu/Projects/Personal/allinfra-sw-eginnering-test/random_troops/controller/controller.js","statementMap":{"0":{"start":{"line":4,"column":8},"end":{"line":4,"column":25}},"1":{"start":{"line":5,"column":8},"end":{"line":9,"column":9}},"2":{"start":{"line":10,"column":8},"end":{"line":10,"column":50}},"3":{"start":{"line":14,"column":8},"end":{"line":14,"column":60}},"4":{"start":{"line":18,"column":8},"end":{"line":18,"column":66}},"5":{"start":{"line":18,"column":59},"end":{"line":18,"column":64}},"6":{"start":{"line":22,"column":8},"end":{"line":22,"column":37}},"7":{"start":{"line":26,"column":8},"end":{"line":26,"column":64}},"8":{"start":{"line":26,"column":35},"end":{"line":26,"column":63}},"9":{"start":{"line":30,"column":8},"end":{"line":30,"column":31}},"10":{"start":{"line":34,"column":31},"end":{"line":34,"column":62}},"11":{"start":{"line":35,"column":20},"end":{"line":35,"column":29}},"12":{"start":{"line":36,"column":8},"end":{"line":36,"column":32}},"13":{"start":{"line":37,"column":23},"end":{"line":37,"column":30}},"14":{"start":{"line":39,"column":8},"end":{"line":46,"column":9}},"15":{"start":{"line":39,"column":30},"end":{"line":39,"column":31}},"16":{"start":{"line":40,"column":30},"end":{"line":40,"column":66}},"17":{"start":{"line":41,"column":12},"end":{"line":45,"column":13}},"18":{"start":{"line":42,"column":16},"end":{"line":42,"column":128}},"19":{"start":{"line":44,"column":16},"end":{"line":44,"column":143}},"20":{"start":{"line":48,"column":8},"end":{"line":48,"column":95}},"21":{"start":{"line":49,"column":8},"end":{"line":49,"column":26}},"22":{"start":{"line":54,"column":0},"end":{"line":54,"column":34}}},"fnMap":{"0":{"name":"(anonymous_0)","decl":{"start":{"line":3,"column":4},"end":{"line":3,"column":5}},"loc":{"start":{"line":3,"column":22},"end":{"line":11,"column":5}},"line":3},"1":{"name":"(anonymous_1)","decl":{"start":{"line":13,"column":4},"end":{"line":13,"column":5}},"loc":{"start":{"line":13,"column":42},"end":{"line":15,"column":5}},"line":13},"2":{"name":"(anonymous_2)","decl":{"start":{"line":17,"column":4},"end":{"line":17,"column":5}},"loc":{"start":{"line":17,"column":21},"end":{"line":19,"column":5}},"line":17},"3":{"name":"(anonymous_3)","decl":{"start":{"line":18,"column":49},"end":{"line":18,"column":50}},"loc":{"start":{"line":18,"column":59},"end":{"line":18,"column":64}},"line":18},"4":{"name":"(anonymous_4)","decl":{"start":{"line":21,"column":4},"end":{"line":21,"column":5}},"loc":{"start":{"line":21,"column":31},"end":{"line":23,"column":5}},"line":21},"5":{"name":"(anonymous_5)","decl":{"start":{"line":25,"column":4},"end":{"line":25,"column":5}},"loc":{"start":{"line":25,"column":24},"end":{"line":27,"column":5}},"line":25},"6":{"name":"(anonymous_6)","decl":{"start":{"line":26,"column":29},"end":{"line":26,"column":30}},"loc":{"start":{"line":26,"column":35},"end":{"line":26,"column":63}},"line":26},"7":{"name":"(anonymous_7)","decl":{"start":{"line":29,"column":4},"end":{"line":29,"column":5}},"loc":{"start":{"line":29,"column":20},"end":{"line":31,"column":5}},"line":29},"8":{"name":"(anonymous_8)","decl":{"start":{"line":33,"column":4},"end":{"line":33,"column":5}},"loc":{"start":{"line":33,"column":21},"end":{"line":50,"column":5}},"line":33}},"branchMap":{"0":{"loc":{"start":{"line":26,"column":35},"end":{"line":26,"column":63}},"type":"cond-expr","locations":[{"start":{"line":26,"column":57},"end":{"line":26,"column":58}},{"start":{"line":26,"column":61},"end":{"line":26,"column":63}}],"line":26},"1":{"loc":{"start":{"line":41,"column":12},"end":{"line":45,"column":13}},"type":"if","locations":[{"start":{"line":41,"column":12},"end":{"line":45,"column":13}},{"start":{"line":43,"column":19},"end":{"line":45,"column":13}}],"line":41}},"s":{"0":4,"1":4,"2":4,"3":102,"4":5,"5":10,"6":3,"7":2,"8":6,"9":0,"10":1,"11":1,"12":1,"13":1,"14":1,"15":1,"16":2,"17":2,"18":1,"19":1,"20":1,"21":1,"22":1},"f":{"0":4,"1":102,"2":5,"3":10,"4":3,"5":2,"6":6,"7":0,"8":1},"b":{"0":[2,4],"1":[1,1]},"_coverageSchema":"1a1c01bbd47fc00a2c39e90264f33305004495a9","hash":"e9470bf1f6acce1498e0a1380f10e407f5638f29"}
}
