TN:
SF:controller/controller.js
FN:3,(anonymous_0)
FN:13,(anonymous_1)
FN:17,(anonymous_2)
FN:18,(anonymous_3)
FN:21,(anonymous_4)
FN:25,(anonymous_5)
FN:26,(anonymous_6)
FN:29,(anonymous_7)
FN:33,(anonymous_8)
FNF:9
FNH:8
FNDA:4,(anonymous_0)
FNDA:102,(anonymous_1)
FNDA:5,(anonymous_2)
FNDA:10,(anonymous_3)
FNDA:3,(anonymous_4)
FNDA:2,(anonymous_5)
FNDA:6,(anonymous_6)
FNDA:0,(anonymous_7)
FNDA:1,(anonymous_8)
DA:4,4
DA:5,4
DA:10,4
DA:14,102
DA:18,10
DA:22,3
DA:26,6
DA:30,0
DA:34,1
DA:35,1
DA:36,1
DA:37,1
DA:39,1
DA:40,2
DA:41,2
DA:42,1
DA:44,1
DA:48,1
DA:49,1
DA:54,1
LF:20
LH:19
BRDA:26,0,0,2
BRDA:26,0,1,4
BRDA:41,1,0,1
BRDA:41,1,1,1
BRF:4
BRH:4
end_of_record
