{"/Users/abarbu/Projects/Personal/allinfra-sw-eginnering-test/random_troops/src/main.ts": {"path":"/Users/abarbu/Projects/Personal/allinfra-sw-eginnering-test/random_troops/src/main.ts","statementMap":{"0":{"start":{"line":1,"column":0},"end":{"line":1,"column":50}},"1":{"start":{"line":2,"column":0},"end":{"line":2,"column":55}},"2":{"start":{"line":4,"column":15},"end":{"line":4,"column":36}},"3":{"start":{"line":7,"column":0},"end":{"line":11,"column":null}},"4":{"start":{"line":8,"column":4},"end":{"line":8,"column":29}},"5":{"start":{"line":10,"column":4},"end":{"line":10,"column":15}},"6":{"start":{"line":13,"column":23},"end":{"line":23,"column":1}},"7":{"start":{"line":14,"column":21},"end":{"line":14,"column":47}},"8":{"start":{"line":16,"column":4},"end":{"line":21,"column":null}},"9":{"start":{"line":17,"column":8},"end":{"line":17,"column":43}},"10":{"start":{"line":18,"column":8},"end":{"line":18,"column":43}},"11":{"start":{"line":20,"column":8},"end":{"line":20,"column":65}},"12":{"start":{"line":13,"column":13},"end":{"line":13,"column":23}},"13":{"start":{"line":25,"column":0},"end":{"line":25,"column":14}}},"fnMap":{"0":{"name":"(anonymous_1)","decl":{"start":{"line":13,"column":23},"end":{"line":13,"column":28}},"loc":{"start":{"line":13,"column":38},"end":{"line":23,"column":1}}}},"branchMap":{"0":{"loc":{"start":{"line":7,"column":0},"end":{"line":11,"column":null}},"type":"if","locations":[{"start":{"line":7,"column":0},"end":{"line":11,"column":null}},{"start":{"line":9,"column":7},"end":{"line":11,"column":null}}]}},"s":{"0":1,"1":1,"2":1,"3":1,"4":0,"5":1,"6":1,"7":5,"8":5,"9":5,"10":4,"11":1,"12":1,"13":1},"f":{"0":5},"b":{"0":[0,1]}}
,"/Users/abarbu/Projects/Personal/allinfra-sw-eginnering-test/random_troops/src/controller/controller.ts": {"path":"/Users/abarbu/Projects/Personal/allinfra-sw-eginnering-test/random_troops/src/controller/controller.ts","statementMap":{"0":{"start":{"line":1,"column":0},"end":{"line":1,"column":44}},"1":{"start":{"line":14,"column":8},"end":{"line":14,"column":25}},"2":{"start":{"line":15,"column":8},"end":{"line":19,"column":null}},"3":{"start":{"line":20,"column":8},"end":{"line":20,"column":51}},"4":{"start":{"line":24,"column":8},"end":{"line":24,"column":61}},"5":{"start":{"line":28,"column":8},"end":{"line":28,"column":66}},"6":{"start":{"line":28,"column":59},"end":{"line":28,"column":64}},"7":{"start":{"line":32,"column":8},"end":{"line":32,"column":65}},"8":{"start":{"line":32,"column":35},"end":{"line":32,"column":63}},"9":{"start":{"line":36,"column":31},"end":{"line":36,"column":62}},"10":{"start":{"line":37,"column":20},"end":{"line":37,"column":29}},"11":{"start":{"line":38,"column":8},"end":{"line":38,"column":33}},"12":{"start":{"line":40,"column":8},"end":{"line":46,"column":null}},"13":{"start":{"line":41,"column":12},"end":{"line":45,"column":null}},"14":{"start":{"line":42,"column":16},"end":{"line":42,"column":140}},"15":{"start":{"line":44,"column":16},"end":{"line":44,"column":65}},"16":{"start":{"line":48,"column":8},"end":{"line":48,"column":27}},"17":{"start":{"line":7,"column":4},"end":{"line":7,"column":null}},"18":{"start":{"line":3,"column":0},"end":{"line":3,"column":21}}},"fnMap":{"0":{"name":"(anonymous_2)","decl":{"start":{"line":13,"column":4},"end":{"line":13,"column":16}},"loc":{"start":{"line":13,"column":20},"end":{"line":21,"column":5}}},"1":{"name":"(anonymous_3)","decl":{"start":{"line":23,"column":4},"end":{"line":23,"column":31}},"loc":{"start":{"line":23,"column":40},"end":{"line":25,"column":5}}},"2":{"name":"(anonymous_4)","decl":{"start":{"line":27,"column":4},"end":{"line":27,"column":18}},"loc":{"start":{"line":27,"column":18},"end":{"line":29,"column":5}}},"3":{"name":"(anonymous_5)","decl":{"start":{"line":28,"column":49},"end":{"line":28,"column":50}},"loc":{"start":{"line":28,"column":59},"end":{"line":28,"column":64}}},"4":{"name":"(anonymous_6)","decl":{"start":{"line":31,"column":4},"end":{"line":31,"column":21}},"loc":{"start":{"line":31,"column":21},"end":{"line":33,"column":5}}},"5":{"name":"(anonymous_7)","decl":{"start":{"line":32,"column":29},"end":{"line":32,"column":32}},"loc":{"start":{"line":32,"column":35},"end":{"line":32,"column":63}}},"6":{"name":"(anonymous_8)","decl":{"start":{"line":35,"column":4},"end":{"line":35,"column":18}},"loc":{"start":{"line":35,"column":18},"end":{"line":49,"column":5}}},"7":{"name":"(anonymous_9)","decl":{"start":{"line":40,"column":32},"end":{"line":40,"column":33}},"loc":{"start":{"line":40,"column":54},"end":{"line":46,"column":9}}}},"branchMap":{"0":{"loc":{"start":{"line":32,"column":35},"end":{"line":32,"column":63}},"type":"cond-expr","locations":[{"start":{"line":32,"column":57},"end":{"line":32,"column":58}},{"start":{"line":32,"column":61},"end":{"line":32,"column":63}}]},"1":{"loc":{"start":{"line":41,"column":12},"end":{"line":45,"column":null}},"type":"if","locations":[{"start":{"line":41,"column":12},"end":{"line":45,"column":null}},{"start":{"line":43,"column":19},"end":{"line":45,"column":null}}]}},"s":{"0":2,"1":9,"2":9,"3":9,"4":110,"5":18,"6":36,"7":6,"8":16,"9":5,"10":5,"11":5,"12":5,"13":15,"14":10,"15":5,"16":5,"17":2,"18":2},"f":{"0":9,"1":110,"2":18,"3":36,"4":6,"5":16,"6":5,"7":15},"b":{"0":[9,7],"1":[10,5]}}
}
