TN:
SF:src/main.ts
FN:13,(anonymous_1)
FNF:1
FNH:1
FNDA:5,(anonymous_1)
DA:1,1
DA:2,1
DA:4,1
DA:7,1
DA:8,0
DA:10,1
DA:13,1
DA:14,5
DA:16,5
DA:17,5
DA:18,4
DA:20,1
DA:25,1
LF:13
LH:12
BRDA:7,0,0,0
BRDA:7,0,1,1
BRF:2
BRH:1
end_of_record
TN:
SF:src/controller/controller.ts
FN:13,(anonymous_2)
FN:23,(anonymous_3)
FN:27,(anonymous_4)
FN:28,(anonymous_5)
FN:31,(anonymous_6)
FN:32,(anonymous_7)
FN:35,(anonymous_8)
FN:40,(anonymous_9)
FNF:8
FNH:8
FNDA:9,(anonymous_2)
FNDA:110,(anonymous_3)
FNDA:18,(anonymous_4)
FNDA:36,(anonymous_5)
FNDA:6,(anonymous_6)
FNDA:16,(anonymous_7)
FNDA:5,(anonymous_8)
FNDA:15,(anonymous_9)
DA:1,2
DA:3,2
DA:7,2
DA:14,9
DA:15,9
DA:20,9
DA:24,110
DA:28,36
DA:32,16
DA:36,5
DA:37,5
DA:38,5
DA:40,5
DA:41,15
DA:42,10
DA:44,5
DA:48,5
LF:17
LH:17
BRDA:32,0,0,9
BRDA:32,0,1,7
BRDA:41,1,0,10
BRDA:41,1,1,5
BRF:4
BRH:4
end_of_record
