{"/Users/abarbu/Projects/Personal/allinfra-sw-eginnering-test/asset_manager/backend/src/app.module.ts": {"path":"/Users/abarbu/Projects/Personal/allinfra-sw-eginnering-test/asset_manager/backend/src/app.module.ts","statementMap":{"0":{"start":{"line":1,"column":0},"end":{"line":1,"column":40}},"1":{"start":{"line":2,"column":0},"end":{"line":2,"column":48}},"2":{"start":{"line":3,"column":0},"end":{"line":3,"column":53}},"3":{"start":{"line":8,"column":0},"end":{"line":8,"column":null}},"4":{"start":{"line":8,"column":13},"end":{"line":8,"column":null}},"5":{"start":{"line":8,"column":13},"end":{"line":8,"column":22}}},"fnMap":{},"branchMap":{},"s":{"0":1,"1":1,"2":1,"3":1,"4":1,"5":1},"f":{},"b":{}}
,"/Users/abarbu/Projects/Personal/allinfra-sw-eginnering-test/asset_manager/backend/src/main.ts": {"path":"/Users/abarbu/Projects/Personal/allinfra-sw-eginnering-test/asset_manager/backend/src/main.ts","statementMap":{"0":{"start":{"line":1,"column":0},"end":{"line":1,"column":65}},"1":{"start":{"line":2,"column":0},"end":{"line":2,"column":43}},"2":{"start":{"line":3,"column":0},"end":{"line":3,"column":48}},"3":{"start":{"line":4,"column":0},"end":{"line":4,"column":41}},"4":{"start":{"line":7,"column":14},"end":{"line":7,"column":49}},"5":{"start":{"line":9,"column":17},"end":{"line":13,"column":30}},"6":{"start":{"line":15,"column":19},"end":{"line":15,"column":60}},"7":{"start":{"line":16,"column":2},"end":{"line":16,"column":44}},"8":{"start":{"line":18,"column":2},"end":{"line":18,"column":19}},"9":{"start":{"line":19,"column":2},"end":{"line":19,"column":43}},"10":{"start":{"line":21,"column":2},"end":{"line":21,"column":25}},"11":{"start":{"line":24,"column":0},"end":{"line":24,"column":12}}},"fnMap":{"0":{"name":"bootstrap","decl":{"start":{"line":6,"column":15},"end":{"line":6,"column":24}},"loc":{"start":{"line":6,"column":24},"end":{"line":22,"column":1}}}},"branchMap":{},"s":{"0":0,"1":0,"2":0,"3":0,"4":0,"5":0,"6":0,"7":0,"8":0,"9":0,"10":0,"11":0},"f":{"0":0},"b":{}}
,"/Users/abarbu/Projects/Personal/allinfra-sw-eginnering-test/asset_manager/backend/src/assets/assets.controller.ts": {"path":"/Users/abarbu/Projects/Personal/allinfra-sw-eginnering-test/asset_manager/backend/src/assets/assets.controller.ts","statementMap":{"0":{"start":{"line":1,"column":0},"end":{"line":1,"column":120}},"1":{"start":{"line":2,"column":0},"end":{"line":2,"column":53}},"2":{"start":{"line":3,"column":0},"end":{"line":3,"column":49}},"3":{"start":{"line":4,"column":0},"end":{"line":4,"column":56}},"4":{"start":{"line":5,"column":0},"end":{"line":5,"column":56}},"5":{"start":{"line":8,"column":0},"end":{"line":103,"column":null}},"6":{"start":{"line":9,"column":31},"end":{"line":9,"column":46}},"7":{"start":{"line":15,"column":4},"end":{"line":25,"column":null}},"8":{"start":{"line":16,"column":20},"end":{"line":16,"column":67}},"9":{"start":{"line":17,"column":6},"end":{"line":17,"column":null}},"10":{"start":{"line":18,"column":6},"end":{"line":22,"column":null}},"11":{"start":{"line":24,"column":6},"end":{"line":24,"column":76}},"12":{"start":{"line":32,"column":4},"end":{"line":50,"column":null}},"13":{"start":{"line":33,"column":21},"end":{"line":33,"column":55}},"14":{"start":{"line":35,"column":6},"end":{"line":41,"column":null}},"15":{"start":{"line":36,"column":8},"end":{"line":40,"column":10}},"16":{"start":{"line":43,"column":6},"end":{"line":47,"column":null}},"17":{"start":{"line":49,"column":6},"end":{"line":49,"column":71}},"18":{"start":{"line":76,"column":4},"end":{"line":85,"column":null}},"19":{"start":{"line":77,"column":31},"end":{"line":77,"column":82}},"20":{"start":{"line":78,"column":6},"end":{"line":82,"column":null}},"21":{"start":{"line":84,"column":6},"end":{"line":84,"column":76}},"22":{"start":{"line":92,"column":4},"end":{"line":100,"column":null}},"23":{"start":{"line":93,"column":6},"end":{"line":93,"column":42}},"24":{"start":{"line":94,"column":6},"end":{"line":97,"column":null}},"25":{"start":{"line":99,"column":6},"end":{"line":99,"column":76}},"26":{"start":{"line":14,"column":2},"end":{"line":26,"column":null}},"27":{"start":{"line":31,"column":2},"end":{"line":52,"column":null}},"28":{"start":{"line":75,"column":2},"end":{"line":87,"column":null}},"29":{"start":{"line":91,"column":2},"end":{"line":102,"column":null}},"30":{"start":{"line":8,"column":13},"end":{"line":103,"column":null}},"31":{"start":{"line":8,"column":13},"end":{"line":8,"column":29}}},"fnMap":{"0":{"name":"(anonymous_4)","decl":{"start":{"line":9,"column":2},"end":{"line":9,"column":31}},"loc":{"start":{"line":9,"column":59},"end":{"line":9,"column":64}}},"1":{"name":"(anonymous_5)","decl":{"start":{"line":14,"column":2},"end":{"line":14,"column":7}},"loc":{"start":{"line":14,"column":53},"end":{"line":26,"column":3}}},"2":{"name":"(anonymous_6)","decl":{"start":{"line":31,"column":2},"end":{"line":31,"column":7}},"loc":{"start":{"line":31,"column":15},"end":{"line":52,"column":3}}},"3":{"name":"(anonymous_7)","decl":{"start":{"line":75,"column":2},"end":{"line":75,"column":7}},"loc":{"start":{"line":75,"column":78},"end":{"line":87,"column":3}}},"4":{"name":"(anonymous_8)","decl":{"start":{"line":91,"column":2},"end":{"line":91,"column":7}},"loc":{"start":{"line":91,"column":38},"end":{"line":102,"column":3}}}},"branchMap":{"0":{"loc":{"start":{"line":35,"column":6},"end":{"line":41,"column":null}},"type":"if","locations":[{"start":{"line":35,"column":6},"end":{"line":41,"column":null}}]}},"s":{"0":2,"1":2,"2":2,"3":2,"4":2,"5":2,"6":1,"7":0,"8":0,"9":0,"10":0,"11":0,"12":0,"13":0,"14":0,"15":0,"16":0,"17":0,"18":0,"19":0,"20":0,"21":0,"22":0,"23":0,"24":0,"25":0,"26":2,"27":2,"28":2,"29":2,"30":2,"31":2},"f":{"0":1,"1":0,"2":0,"3":0,"4":0},"b":{"0":[0]}}
,"/Users/abarbu/Projects/Personal/allinfra-sw-eginnering-test/asset_manager/backend/src/assets/assets.module.ts": {"path":"/Users/abarbu/Projects/Personal/allinfra-sw-eginnering-test/asset_manager/backend/src/assets/assets.module.ts","statementMap":{"0":{"start":{"line":1,"column":0},"end":{"line":1,"column":40}},"1":{"start":{"line":2,"column":0},"end":{"line":2,"column":48}},"2":{"start":{"line":3,"column":0},"end":{"line":3,"column":49}},"3":{"start":{"line":4,"column":0},"end":{"line":4,"column":55}},"4":{"start":{"line":5,"column":0},"end":{"line":5,"column":49}},"5":{"start":{"line":12,"column":0},"end":{"line":12,"column":null}},"6":{"start":{"line":12,"column":13},"end":{"line":12,"column":null}},"7":{"start":{"line":12,"column":13},"end":{"line":12,"column":25}}},"fnMap":{},"branchMap":{},"s":{"0":1,"1":1,"2":1,"3":1,"4":1,"5":1,"6":1,"7":1},"f":{},"b":{}}
,"/Users/abarbu/Projects/Personal/allinfra-sw-eginnering-test/asset_manager/backend/src/assets/assets.service.ts": {"path":"/Users/abarbu/Projects/Personal/allinfra-sw-eginnering-test/asset_manager/backend/src/assets/assets.service.ts","statementMap":{"0":{"start":{"line":1,"column":0},"end":{"line":1,"column":35}},"1":{"start":{"line":2,"column":0},"end":{"line":2,"column":37}},"2":{"start":{"line":3,"column":0},"end":{"line":3,"column":44}},"3":{"start":{"line":4,"column":0},"end":{"line":4,"column":51}},"4":{"start":{"line":7,"column":0},"end":{"line":7,"column":48}},"5":{"start":{"line":10,"column":0},"end":{"line":54,"column":null}},"6":{"start":{"line":14,"column":12},"end":{"line":14,"column":30}},"7":{"start":{"line":18,"column":18},"end":{"line":18,"column":62}},"8":{"start":{"line":19,"column":19},"end":{"line":19,"column":58}},"9":{"start":{"line":20,"column":4},"end":{"line":20,"column":18}},"10":{"start":{"line":24,"column":19},"end":{"line":24,"column":92}},"11":{"start":{"line":25,"column":4},"end":{"line":25,"column":null}},"12":{"start":{"line":29,"column":4},"end":{"line":36,"column":null}},"13":{"start":{"line":30,"column":21},"end":{"line":30,"column":55}},"14":{"start":{"line":31,"column":6},"end":{"line":31,"column":null}},"15":{"start":{"line":33,"column":6},"end":{"line":35,"column":null}},"16":{"start":{"line":40,"column":19},"end":{"line":40,"column":73}},"17":{"start":{"line":41,"column":17},"end":{"line":41,"column":39}},"18":{"start":{"line":42,"column":4},"end":{"line":45,"column":null}},"19":{"start":{"line":49,"column":19},"end":{"line":49,"column":57}},"20":{"start":{"line":50,"column":4},"end":{"line":52,"column":null}},"21":{"start":{"line":10,"column":13},"end":{"line":54,"column":null}},"22":{"start":{"line":10,"column":13},"end":{"line":10,"column":26}}},"fnMap":{"0":{"name":"(anonymous_4)","decl":{"start":{"line":12,"column":2},"end":{"line":12,"column":null}},"loc":{"start":{"line":14,"column":48},"end":{"line":15,"column":7}}},"1":{"name":"(anonymous_5)","decl":{"start":{"line":17,"column":2},"end":{"line":17,"column":7}},"loc":{"start":{"line":17,"column":45},"end":{"line":21,"column":3}}},"2":{"name":"(anonymous_6)","decl":{"start":{"line":23,"column":2},"end":{"line":23,"column":7}},"loc":{"start":{"line":23,"column":27},"end":{"line":26,"column":3}}},"3":{"name":"(anonymous_7)","decl":{"start":{"line":28,"column":2},"end":{"line":28,"column":7}},"loc":{"start":{"line":28,"column":15},"end":{"line":37,"column":3}}},"4":{"name":"(anonymous_8)","decl":{"start":{"line":39,"column":2},"end":{"line":39,"column":7}},"loc":{"start":{"line":39,"column":57},"end":{"line":46,"column":3}}},"5":{"name":"(anonymous_9)","decl":{"start":{"line":48,"column":2},"end":{"line":48,"column":7}},"loc":{"start":{"line":48,"column":25},"end":{"line":53,"column":3}}}},"branchMap":{},"s":{"0":3,"1":3,"2":3,"3":3,"4":3,"5":3,"6":1,"7":0,"8":0,"9":0,"10":0,"11":0,"12":0,"13":0,"14":0,"15":0,"16":0,"17":0,"18":0,"19":0,"20":0,"21":3,"22":3},"f":{"0":1,"1":0,"2":0,"3":0,"4":0,"5":0},"b":{}}
,"/Users/abarbu/Projects/Personal/allinfra-sw-eginnering-test/asset_manager/backend/src/assets/dto/create-asset.dto.ts": {"path":"/Users/abarbu/Projects/Personal/allinfra-sw-eginnering-test/asset_manager/backend/src/assets/dto/create-asset.dto.ts","statementMap":{"0":{"start":{"line":1,"column":0},"end":{"line":1,"column":46}},"1":{"start":{"line":2,"column":0},"end":{"line":2,"column":83}},"2":{"start":{"line":8,"column":2},"end":{"line":8,"column":null}},"3":{"start":{"line":12,"column":2},"end":{"line":12,"column":null}},"4":{"start":{"line":17,"column":2},"end":{"line":17,"column":null}},"5":{"start":{"line":22,"column":2},"end":{"line":22,"column":null}},"6":{"start":{"line":4,"column":0},"end":{"line":4,"column":13}}},"fnMap":{},"branchMap":{},"s":{"0":2,"1":2,"2":2,"3":2,"4":2,"5":2,"6":2},"f":{},"b":{}}
,"/Users/abarbu/Projects/Personal/allinfra-sw-eginnering-test/asset_manager/backend/src/assets/dto/update-asset.dto.ts": {"path":"/Users/abarbu/Projects/Personal/allinfra-sw-eginnering-test/asset_manager/backend/src/assets/dto/update-asset.dto.ts","statementMap":{"0":{"start":{"line":1,"column":0},"end":{"line":1,"column":51}},"1":{"start":{"line":2,"column":0},"end":{"line":2,"column":46}},"2":{"start":{"line":3,"column":0},"end":{"line":3,"column":65}},"3":{"start":{"line":4,"column":0},"end":{"line":4,"column":52}},"4":{"start":{"line":11,"column":4},"end":{"line":11,"column":null}},"5":{"start":{"line":16,"column":4},"end":{"line":16,"column":null}},"6":{"start":{"line":21,"column":4},"end":{"line":21,"column":null}},"7":{"start":{"line":26,"column":4},"end":{"line":26,"column":null}},"8":{"start":{"line":6,"column":0},"end":{"line":6,"column":13}}},"fnMap":{},"branchMap":{},"s":{"0":2,"1":2,"2":2,"3":2,"4":2,"5":2,"6":2,"7":2,"8":2},"f":{},"b":{}}
,"/Users/abarbu/Projects/Personal/allinfra-sw-eginnering-test/asset_manager/backend/src/assets/entities/asset.entity.ts": {"path":"/Users/abarbu/Projects/Personal/allinfra-sw-eginnering-test/asset_manager/backend/src/assets/entities/asset.entity.ts","statementMap":{"0":{"start":{"line":1,"column":0},"end":{"line":1,"column":95}},"1":{"start":{"line":5,"column":0},"end":{"line":25,"column":null}},"2":{"start":{"line":8,"column":4},"end":{"line":8,"column":null}},"3":{"start":{"line":11,"column":4},"end":{"line":11,"column":null}},"4":{"start":{"line":14,"column":4},"end":{"line":14,"column":null}},"5":{"start":{"line":17,"column":4},"end":{"line":17,"column":null}},"6":{"start":{"line":24,"column":4},"end":{"line":24,"column":null}},"7":{"start":{"line":5,"column":13},"end":{"line":25,"column":null}},"8":{"start":{"line":5,"column":13},"end":{"line":5,"column":19}}},"fnMap":{},"branchMap":{},"s":{"0":3,"1":3,"2":3,"3":3,"4":3,"5":3,"6":3,"7":3,"8":3},"f":{},"b":{}}
}
