TN:
SF:src/app.module.ts
FNF:0
FNH:0
DA:1,1
DA:2,1
DA:3,1
DA:8,1
LF:4
LH:4
BRF:0
BRH:0
end_of_record
TN:
SF:src/main.ts
FN:6,bootstrap
FNF:1
FNH:0
FNDA:0,bootstrap
DA:1,0
DA:2,0
DA:3,0
DA:4,0
DA:7,0
DA:9,0
DA:15,0
DA:16,0
DA:18,0
DA:19,0
DA:21,0
DA:24,0
LF:12
LH:0
BRF:0
BRH:0
end_of_record
TN:
SF:src/assets/assets.controller.ts
FN:9,(anonymous_4)
FN:14,(anonymous_5)
FN:31,(anonymous_6)
FN:75,(anonymous_7)
FN:91,(anonymous_8)
FNF:5
FNH:1
FNDA:1,(anonymous_4)
FNDA:0,(anonymous_5)
FNDA:0,(anonymous_6)
FNDA:0,(anonymous_7)
FNDA:0,(anonymous_8)
DA:1,2
DA:2,2
DA:3,2
DA:4,2
DA:5,2
DA:8,2
DA:9,1
DA:14,2
DA:15,0
DA:16,0
DA:17,0
DA:18,0
DA:24,0
DA:31,2
DA:32,0
DA:33,0
DA:35,0
DA:36,0
DA:43,0
DA:49,0
DA:75,2
DA:76,0
DA:77,0
DA:78,0
DA:84,0
DA:91,2
DA:92,0
DA:93,0
DA:94,0
DA:99,0
LF:30
LH:11
BRDA:35,0,0,0
BRF:1
BRH:0
end_of_record
TN:
SF:src/assets/assets.module.ts
FNF:0
FNH:0
DA:1,1
DA:2,1
DA:3,1
DA:4,1
DA:5,1
DA:12,1
LF:6
LH:6
BRF:0
BRH:0
end_of_record
TN:
SF:src/assets/assets.service.ts
FN:12,(anonymous_4)
FN:17,(anonymous_5)
FN:23,(anonymous_6)
FN:28,(anonymous_7)
FN:39,(anonymous_8)
FN:48,(anonymous_9)
FNF:6
FNH:1
FNDA:1,(anonymous_4)
FNDA:0,(anonymous_5)
FNDA:0,(anonymous_6)
FNDA:0,(anonymous_7)
FNDA:0,(anonymous_8)
FNDA:0,(anonymous_9)
DA:1,3
DA:2,3
DA:3,3
DA:4,3
DA:7,3
DA:10,3
DA:14,1
DA:18,0
DA:19,0
DA:20,0
DA:24,0
DA:25,0
DA:29,0
DA:30,0
DA:31,0
DA:33,0
DA:40,0
DA:41,0
DA:42,0
DA:49,0
DA:50,0
LF:21
LH:7
BRF:0
BRH:0
end_of_record
TN:
SF:src/assets/dto/create-asset.dto.ts
FNF:0
FNH:0
DA:1,2
DA:2,2
DA:4,2
DA:8,2
DA:12,2
DA:17,2
DA:22,2
LF:7
LH:7
BRF:0
BRH:0
end_of_record
TN:
SF:src/assets/dto/update-asset.dto.ts
FNF:0
FNH:0
DA:1,2
DA:2,2
DA:3,2
DA:4,2
DA:6,2
DA:11,2
DA:16,2
DA:21,2
DA:26,2
LF:9
LH:9
BRF:0
BRH:0
end_of_record
TN:
SF:src/assets/entities/asset.entity.ts
FNF:0
FNH:0
DA:1,3
DA:5,3
DA:8,3
DA:11,3
DA:14,3
DA:17,3
DA:24,3
LF:7
LH:7
BRF:0
BRH:0
end_of_record
